Watching for file changes with StatReloader
Bad Request: /api/attachments/
"POST /api/attachments/ HTTP/1.1" 400 35
Bad Request: /api/attachments/
"POST /api/attachments/ HTTP/1.1" 400 35
Bad Request: /api/attachments/
"POST /api/attachments/ HTTP/1.1" 400 35
Attachment 'attachments/wowww.jpeg' uploaded for project 'Test Project Title'.
"POST /api/attachments/ HTTP/1.1" 201 132
C:\Users\User\Desktop\CRM_System\crm_backend\app\views.py changed, reloading.
Watching for file changes with StatReloader
Watching for file changes with StatReloader
Internal Server Error: /api/categories/
Traceback (most recent call last):
  File "C:\Users\User\Desktop\CRM_System\.venv\Lib\site-packages\rest_framework\request.py", line 74, in wrap_attributeerrors
    yield
  File "C:\Users\User\Desktop\CRM_System\.venv\Lib\site-packages\rest_framework\request.py", line 231, in user
    self._authenticate()
  File "C:\Users\User\Desktop\CRM_System\.venv\Lib\site-packages\rest_framework\request.py", line 384, in _authenticate
    user_auth_tuple = authenticator.authenticate(self)
                      ^^^^^^^^^^^^^^^^^^^^^^^^^^
AttributeError: 'DjangoFilterBackend' object has no attribute 'authenticate'

During handling of the above exception, another exception occurred:

Traceback (most recent call last):
  File "C:\Users\User\Desktop\CRM_System\.venv\Lib\site-packages\django\core\handlers\exception.py", line 55, in inner
    response = get_response(request)
               ^^^^^^^^^^^^^^^^^^^^^
  File "C:\Users\User\Desktop\CRM_System\.venv\Lib\site-packages\django\core\handlers\base.py", line 197, in _get_response
    response = wrapped_callback(request, *callback_args, **callback_kwargs)
               ^^^^^^^^^^^^^^^^^^^^^^^^^^^^^^^^^^^^^^^^^^^^^^^^^^^^^^^^^^^^
  File "C:\Users\User\Desktop\CRM_System\.venv\Lib\site-packages\django\views\decorators\csrf.py", line 65, in _view_wrapper
    return view_func(request, *args, **kwargs)
           ^^^^^^^^^^^^^^^^^^^^^^^^^^^^^^^^^^^
  File "C:\Users\User\Desktop\CRM_System\.venv\Lib\site-packages\django\views\generic\base.py", line 104, in view
    return self.dispatch(request, *args, **kwargs)
           ^^^^^^^^^^^^^^^^^^^^^^^^^^^^^^^^^^^^^^^
  File "C:\Users\User\Desktop\CRM_System\.venv\Lib\site-packages\rest_framework\views.py", line 509, in dispatch
    response = self.handle_exception(exc)
               ^^^^^^^^^^^^^^^^^^^^^^^^^^
  File "C:\Users\User\Desktop\CRM_System\.venv\Lib\site-packages\rest_framework\views.py", line 469, in handle_exception
    self.raise_uncaught_exception(exc)
  File "C:\Users\User\Desktop\CRM_System\.venv\Lib\site-packages\rest_framework\views.py", line 480, in raise_uncaught_exception
    raise exc
  File "C:\Users\User\Desktop\CRM_System\.venv\Lib\site-packages\rest_framework\views.py", line 497, in dispatch
    self.initial(request, *args, **kwargs)
  File "C:\Users\User\Desktop\CRM_System\.venv\Lib\site-packages\rest_framework\views.py", line 414, in initial
    self.perform_authentication(request)
  File "C:\Users\User\Desktop\CRM_System\.venv\Lib\site-packages\rest_framework\views.py", line 324, in perform_authentication
    request.user
  File "C:\Users\User\Desktop\CRM_System\.venv\Lib\site-packages\rest_framework\request.py", line 230, in user
    with wrap_attributeerrors():
         ^^^^^^^^^^^^^^^^^^^^^^
  File "C:\Python312\Lib\contextlib.py", line 158, in __exit__
    self.gen.throw(value)
  File "C:\Users\User\Desktop\CRM_System\.venv\Lib\site-packages\rest_framework\request.py", line 78, in wrap_attributeerrors
    raise exc.with_traceback(info[2])
  File "C:\Users\User\Desktop\CRM_System\.venv\Lib\site-packages\rest_framework\request.py", line 74, in wrap_attributeerrors
    yield
  File "C:\Users\User\Desktop\CRM_System\.venv\Lib\site-packages\rest_framework\request.py", line 231, in user
    self._authenticate()
  File "C:\Users\User\Desktop\CRM_System\.venv\Lib\site-packages\rest_framework\request.py", line 384, in _authenticate
    user_auth_tuple = authenticator.authenticate(self)
                      ^^^^^^^^^^^^^^^^^^^^^^^^^^
rest_framework.request.WrappedAttributeError: 'DjangoFilterBackend' object has no attribute 'authenticate'
"GET /api/categories/ HTTP/1.1" 500 145
C:\Users\User\Desktop\CRM_System\crm_backend\crm\settings.py changed, reloading.
Watching for file changes with StatReloader
Categories list retrieved.
"GET /api/categories/ HTTP/1.1" 200 100
C:\Users\User\Desktop\CRM_System\crm_backend\app\views.py changed, reloading.
Watching for file changes with StatReloader
Watching for file changes with StatReloader
Attachment 'attachments/undefined_-_Imgur_2.jpg' uploaded for project 'Test Project Title'.
"POST /api/attachments/ HTTP/1.1" 201 132
File 'attachments/nazi_falg.png' requested by Anonymous.
"GET /api/attachments/13/download/ HTTP/1.1" 302 0
Not Found: /attachments/nazi_falg.png
"GET /attachments/nazi_falg.png HTTP/1.1" 404 179
Not Found: /api/attachments/1/download/
"GET /api/attachments/1/download/ HTTP/1.1" 404 51
Not Found: /api/attachments/2/download/
"GET /api/attachments/2/download/ HTTP/1.1" 404 51
Not Found: /api/attachments/2/download/
"GET /api/attachments/2/download/ HTTP/1.1" 404 51
File 'attachments/nazi_falg.png' requested by Anonymous.
"GET /api/attachments/13/download/ HTTP/1.1" 302 0
Not Found: /attachments/nazi_falg.png
"GET /attachments/nazi_falg.png HTTP/1.1" 404 179
Watching for file changes with StatReloader
"GET /api/attachments/ HTTP/1.1" 200 259
C:\Users\User\Desktop\CRM_System\crm_backend\app\models.py changed, reloading.
Watching for file changes with StatReloader
Watching for file changes with StatReloader
Internal Server Error: /api/attachments/
Traceback (most recent call last):
  File "C:\Users\User\Desktop\CRM_System\.venv\Lib\site-packages\django\db\backends\base\base.py", line 279, in ensure_connection
    self.connect()
  File "C:\Users\User\Desktop\CRM_System\.venv\Lib\site-packages\django\utils\asyncio.py", line 26, in inner
    return func(*args, **kwargs)
           ^^^^^^^^^^^^^^^^^^^^^
  File "C:\Users\User\Desktop\CRM_System\.venv\Lib\site-packages\django\db\backends\base\base.py", line 256, in connect
    self.connection = self.get_new_connection(conn_params)
                      ^^^^^^^^^^^^^^^^^^^^^^^^^^^^^^^^^^^^
  File "C:\Users\User\Desktop\CRM_System\.venv\Lib\site-packages\django\utils\asyncio.py", line 26, in inner
    return func(*args, **kwargs)
           ^^^^^^^^^^^^^^^^^^^^^
  File "C:\Users\User\Desktop\CRM_System\.venv\Lib\site-packages\django\db\backends\postgresql\base.py", line 332, in get_new_connection
    connection = self.Database.connect(**conn_params)
                 ^^^^^^^^^^^^^^^^^^^^^^^^^^^^^^^^^^^^
  File "C:\Users\User\Desktop\CRM_System\.venv\Lib\site-packages\psycopg2\__init__.py", line 122, in connect
    conn = _connect(dsn, connection_factory=connection_factory, **kwasync)
           ^^^^^^^^^^^^^^^^^^^^^^^^^^^^^^^^^^^^^^^^^^^^^^^^^^^^^^^^^^^^^^^
psycopg2.OperationalError: could not translate host name "dpg-ctsnpa8gph6c738da7o0-a.frankfurt-postgres.render.com" to address: No such host is known. 


The above exception was the direct cause of the following exception:

Traceback (most recent call last):
  File "C:\Users\User\Desktop\CRM_System\.venv\Lib\site-packages\django\core\handlers\exception.py", line 55, in inner
    response = get_response(request)
               ^^^^^^^^^^^^^^^^^^^^^
  File "C:\Users\User\Desktop\CRM_System\.venv\Lib\site-packages\django\core\handlers\base.py", line 197, in _get_response
    response = wrapped_callback(request, *callback_args, **callback_kwargs)
               ^^^^^^^^^^^^^^^^^^^^^^^^^^^^^^^^^^^^^^^^^^^^^^^^^^^^^^^^^^^^
  File "C:\Users\User\Desktop\CRM_System\.venv\Lib\site-packages\django\views\decorators\csrf.py", line 65, in _view_wrapper
    return view_func(request, *args, **kwargs)
           ^^^^^^^^^^^^^^^^^^^^^^^^^^^^^^^^^^^
  File "C:\Users\User\Desktop\CRM_System\.venv\Lib\site-packages\rest_framework\viewsets.py", line 124, in view
    return self.dispatch(request, *args, **kwargs)
           ^^^^^^^^^^^^^^^^^^^^^^^^^^^^^^^^^^^^^^^
  File "C:\Users\User\Desktop\CRM_System\.venv\Lib\site-packages\rest_framework\views.py", line 509, in dispatch
    response = self.handle_exception(exc)
               ^^^^^^^^^^^^^^^^^^^^^^^^^^
  File "C:\Users\User\Desktop\CRM_System\.venv\Lib\site-packages\rest_framework\views.py", line 469, in handle_exception
    self.raise_uncaught_exception(exc)
  File "C:\Users\User\Desktop\CRM_System\.venv\Lib\site-packages\rest_framework\views.py", line 480, in raise_uncaught_exception
    raise exc
  File "C:\Users\User\Desktop\CRM_System\.venv\Lib\site-packages\rest_framework\views.py", line 506, in dispatch
    response = handler(request, *args, **kwargs)
               ^^^^^^^^^^^^^^^^^^^^^^^^^^^^^^^^^
  File "C:\Users\User\Desktop\CRM_System\.venv\Lib\site-packages\rest_framework\mixins.py", line 46, in list
    return Response(serializer.data)
                    ^^^^^^^^^^^^^^^
  File "C:\Users\User\Desktop\CRM_System\.venv\Lib\site-packages\rest_framework\serializers.py", line 795, in data
    ret = super().data
          ^^^^^^^^^^^^
  File "C:\Users\User\Desktop\CRM_System\.venv\Lib\site-packages\rest_framework\serializers.py", line 249, in data
    self._data = self.to_representation(self.instance)
                 ^^^^^^^^^^^^^^^^^^^^^^^^^^^^^^^^^^^^^
  File "C:\Users\User\Desktop\CRM_System\.venv\Lib\site-packages\rest_framework\serializers.py", line 714, in to_representation
    self.child.to_representation(item) for item in iterable
                                                   ^^^^^^^^
  File "C:\Users\User\Desktop\CRM_System\.venv\Lib\site-packages\django\db\models\query.py", line 400, in __iter__
    self._fetch_all()
  File "C:\Users\User\Desktop\CRM_System\.venv\Lib\site-packages\django\db\models\query.py", line 1928, in _fetch_all
    self._result_cache = list(self._iterable_class(self))
                         ^^^^^^^^^^^^^^^^^^^^^^^^^^^^^^^^
  File "C:\Users\User\Desktop\CRM_System\.venv\Lib\site-packages\django\db\models\query.py", line 91, in __iter__
    results = compiler.execute_sql(
              ^^^^^^^^^^^^^^^^^^^^^
  File "C:\Users\User\Desktop\CRM_System\.venv\Lib\site-packages\django\db\models\sql\compiler.py", line 1572, in execute_sql
    cursor = self.connection.cursor()
             ^^^^^^^^^^^^^^^^^^^^^^^^
  File "C:\Users\User\Desktop\CRM_System\.venv\Lib\site-packages\django\utils\asyncio.py", line 26, in inner
    return func(*args, **kwargs)
           ^^^^^^^^^^^^^^^^^^^^^
  File "C:\Users\User\Desktop\CRM_System\.venv\Lib\site-packages\django\db\backends\base\base.py", line 320, in cursor
    return self._cursor()
           ^^^^^^^^^^^^^^
  File "C:\Users\User\Desktop\CRM_System\.venv\Lib\site-packages\django\db\backends\base\base.py", line 296, in _cursor
    self.ensure_connection()
  File "C:\Users\User\Desktop\CRM_System\.venv\Lib\site-packages\django\utils\asyncio.py", line 26, in inner
    return func(*args, **kwargs)
           ^^^^^^^^^^^^^^^^^^^^^
  File "C:\Users\User\Desktop\CRM_System\.venv\Lib\site-packages\django\db\backends\base\base.py", line 278, in ensure_connection
    with self.wrap_database_errors:
         ^^^^^^^^^^^^^^^^^^^^^^^^^
  File "C:\Users\User\Desktop\CRM_System\.venv\Lib\site-packages\django\db\utils.py", line 91, in __exit__
    raise dj_exc_value.with_traceback(traceback) from exc_value
  File "C:\Users\User\Desktop\CRM_System\.venv\Lib\site-packages\django\db\backends\base\base.py", line 279, in ensure_connection
    self.connect()
  File "C:\Users\User\Desktop\CRM_System\.venv\Lib\site-packages\django\utils\asyncio.py", line 26, in inner
    return func(*args, **kwargs)
           ^^^^^^^^^^^^^^^^^^^^^
  File "C:\Users\User\Desktop\CRM_System\.venv\Lib\site-packages\django\db\backends\base\base.py", line 256, in connect
    self.connection = self.get_new_connection(conn_params)
                      ^^^^^^^^^^^^^^^^^^^^^^^^^^^^^^^^^^^^
  File "C:\Users\User\Desktop\CRM_System\.venv\Lib\site-packages\django\utils\asyncio.py", line 26, in inner
    return func(*args, **kwargs)
           ^^^^^^^^^^^^^^^^^^^^^
  File "C:\Users\User\Desktop\CRM_System\.venv\Lib\site-packages\django\db\backends\postgresql\base.py", line 332, in get_new_connection
    connection = self.Database.connect(**conn_params)
                 ^^^^^^^^^^^^^^^^^^^^^^^^^^^^^^^^^^^^
  File "C:\Users\User\Desktop\CRM_System\.venv\Lib\site-packages\psycopg2\__init__.py", line 122, in connect
    conn = _connect(dsn, connection_factory=connection_factory, **kwasync)
           ^^^^^^^^^^^^^^^^^^^^^^^^^^^^^^^^^^^^^^^^^^^^^^^^^^^^^^^^^^^^^^^
django.db.utils.OperationalError: could not translate host name "dpg-ctsnpa8gph6c738da7o0-a.frankfurt-postgres.render.com" to address: No such host is known. 

"GET /api/attachments/ HTTP/1.1" 500 145
Attachment 'attachments/images_1.jpeg' uploaded for project 'weew'.
"POST /api/attachments/ HTTP/1.1" 201 123
C:\Users\User\Desktop\CRM_System\crm_backend\crm\settings.py changed, reloading.
Watching for file changes with StatReloader
Watching for file changes with StatReloader
Not Found: /
"GET / HTTP/1.1" 404 179
Not Found: /favicon.ico
"GET /favicon.ico HTTP/1.1" 404 179
Attachment 'attachments/images_3.jpeg' uploaded for project 'Асхат лучший'.
"POST /api/attachments/ HTTP/1.1" 201 123
Attachment 'attachments/images_3_9lUccPO.jpeg' uploaded for project 'Асхат лучший'.
"POST /api/attachments/ HTTP/1.1" 201 131
C:\Users\User\Desktop\CRM_System\crm_backend\app\models.py changed, reloading.
Watching for file changes with StatReloader
C:\Users\User\Desktop\CRM_System\crm_backend\app\models.py changed, reloading.
Watching for file changes with StatReloader
Attachment 'attachments/images_4_pjexke.jpeg' uploaded for project 'DSvc xds'.
"POST /api/attachments/ HTTP/1.1" 201 159
Method Not Allowed: /api/attachments/25/download/
"POST /api/attachments/25/download/ HTTP/1.1" 405 41
File 'attachments/images_4_pjexke.jpeg' requested by Anonymous.
"GET /api/attachments/25/download/ HTTP/1.1" 302 0
File 'attachments/images_4_pjexke.jpeg' requested by Anonymous.
"GET /api/attachments/25/download/ HTTP/1.1" 302 0
C:\Users\User\Desktop\CRM_System\crm_backend\app\views.py changed, reloading.
Watching for file changes with StatReloader
C:\Users\User\Desktop\CRM_System\crm_backend\app\views.py changed, reloading.
Watching for file changes with StatReloader
C:\Users\User\Desktop\CRM_System\crm_backend\app\views.py changed, reloading.
Watching for file changes with StatReloader
C:\Users\User\Desktop\CRM_System\crm_backend\app\views.py changed, reloading.
Watching for file changes with StatReloader
Watching for file changes with StatReloader
Watching for file changes with StatReloader
"GET /api/projects/ HTTP/1.1" 200 6043
C:\Users\User\Desktop\CRM_System\crm_backend\app\views.py changed, reloading.
Watching for file changes with StatReloader
